<?xml version="1.0" encoding="UTF-8" standalone="no"?>
<testsuite errors="0" failures="0" name="io.cucumber.core.plugin.JUnitFormatter" skipped="0" tests="5" time="31.365">
    <testcase classname="To test the simplified calculator" name="Check the addition functionality" time="7.961">
        <system-out>
            <![CDATA[Given browser is open.......................................................passed
And user is on simplified calculator page...................................passed
When user enters a number "5" in the first edit box.........................passed
And user enters a number "5" in the second edit box.........................passed
And user chose the "plus" operator..........................................passed
And user hits on Calculate..................................................passed
Then Validating the sum of "5" and "5" should appear in the Answer..........passed
]]>
        </system-out>
    </testcase>
    <testcase classname="To test the simplified calculator" name="Check the addition functionality 2" time="5.716">
        <system-out>
            <![CDATA[Given browser is open.......................................................passed
And user is on simplified calculator page...................................passed
When user enters a number "-5" in the first edit box........................passed
And user enters a number "-5" in the second edit box........................passed
And user chose the "plus" operator..........................................passed
And user hits on Calculate..................................................passed
Then Validating the sum of "-5" and "-5" should appear in the Answer........passed
]]>
        </system-out>
    </testcase>
    <testcase classname="To test the simplified calculator" name="Check the addition functionality 3" time="5.766">
        <system-out>
            <![CDATA[Given browser is open.......................................................passed
And user is on simplified calculator page...................................passed
When user enters a number "@" in the first edit box.........................passed
And user enters a number "}" in the second edit box.........................passed
And user chose the "plus" operator..........................................passed
And user hits on Calculate..................................................passed
Then Validating the sum of "@" and "}" should appear in the Answer..........passed
]]>
        </system-out>
    </testcase>
    <testcase classname="To test the simplified calculator" name="Check the addition functionality 4" time="5.815">
        <system-out>
            <![CDATA[Given browser is open.......................................................passed
And user is on simplified calculator page...................................passed
When user enters a number "abc" in the first edit box.......................passed
And user enters a number "gtf" in the second edit box.......................passed
And user chose the "plus" operator..........................................passed
And user hits on Calculate..................................................passed
Then Validating the sum of "abc" and "gtf" should appear in the Answer......passed
]]>
        </system-out>
    </testcase>
    <testcase classname="To test the simplified calculator" name="Check the addition functionality 5" time="5.724">
        <system-out>
            <![CDATA[Given browser is open.......................................................passed
And user is on simplified calculator page...................................passed
When user enters a number "" in the first edit box..........................passed
And user enters a number "" in the second edit box..........................passed
And user chose the "plus" operator..........................................passed
And user hits on Calculate..................................................passed
Then Validating the sum of "" and "" should appear in the Answer............passed
]]>
        </system-out>
    </testcase>
</testsuite>
